<?xml version="1.0" encoding="UTF-8"?>
<!-- Generated by org.testng.reporters.JUnitReportReporter -->
<testsuite hostname="LAPTOP-PJ9EK6RF" name="testrunner.TestRunner" tests="3" failures="0" timestamp="9 Dec 2020 05:25:21 GMT" time="241.705" errors="0">
  <testcase name="feature" time="19.393" classname="testrunner.TestRunner"/>
  <testcase name="feature" time="72.895" classname="testrunner.TestRunner"/>
  <testcase name="feature" time="149.417" classname="testrunner.TestRunner"/>
</testsuite> <!-- testrunner.TestRunner -->
